Using pre-set license
Built from '2021.3/respin/2021.3.45f2-0da89fac8e' branch; Version is '2021.3.45f2 (88f88f591b2e) revision 8976527'; Using compiler version '192829333'; Build Type 'Release'
OS: 'Windows 10  (10.0.19045) 64bit ProfessionalEducation' Language: 'en' Physical Memory: 7971 MB
BatchMode: 1, IsHumanControllingUs: 0, StartBugReporterOnCrash: 0, Is64bit: 1, IsPro: 1

COMMAND LINE ARGUMENTS:
C:\Program Files\Unity\Hub\Editor\2021.3.45f2\Editor\Unity.exe
-adb2
-batchMode
-noUpm
-name
AssetImportWorker2
-projectPath
C:/Users/jackb/Documents/automaton
-logFile
Logs/AssetImportWorker2.log
-srvPort
54027
Successfully changed project path to: C:/Users/jackb/Documents/automaton
C:/Users/jackb/Documents/automaton
[UnityMemory] Configuration Parameters - Can be set up in boot.config
    "memorysetup-bucket-allocator-granularity=16"
    "memorysetup-bucket-allocator-bucket-count=8"
    "memorysetup-bucket-allocator-block-size=33554432"
    "memorysetup-bucket-allocator-block-count=8"
    "memorysetup-main-allocator-block-size=16777216"
    "memorysetup-thread-allocator-block-size=16777216"
    "memorysetup-gfx-main-allocator-block-size=16777216"
    "memorysetup-gfx-thread-allocator-block-size=16777216"
    "memorysetup-cache-allocator-block-size=4194304"
    "memorysetup-typetree-allocator-block-size=2097152"
    "memorysetup-profiler-bucket-allocator-granularity=16"
    "memorysetup-profiler-bucket-allocator-bucket-count=8"
    "memorysetup-profiler-bucket-allocator-block-size=33554432"
    "memorysetup-profiler-bucket-allocator-block-count=8"
    "memorysetup-profiler-allocator-block-size=16777216"
    "memorysetup-profiler-editor-allocator-block-size=1048576"
    "memorysetup-temp-allocator-size-main=16777216"
    "memorysetup-job-temp-allocator-block-size=2097152"
    "memorysetup-job-temp-allocator-block-size-background=1048576"
    "memorysetup-job-temp-allocator-reduction-small-platforms=262144"
    "memorysetup-temp-allocator-size-background-worker=32768"
    "memorysetup-temp-allocator-size-job-worker=262144"
    "memorysetup-temp-allocator-size-preload-manager=33554432"
    "memorysetup-temp-allocator-size-nav-mesh-worker=65536"
    "memorysetup-temp-allocator-size-audio-worker=65536"
    "memorysetup-temp-allocator-size-cloud-worker=32768"
    "memorysetup-temp-allocator-size-gi-baking-worker=262144"
    "memorysetup-temp-allocator-size-gfx=262144"
Player connection [19040] Host "[IP] 192.168.56.1 [Port] 0 [Flags] 2 [Guid] 3566098440 [EditorId] 3566098440 [Version] 1048832 [Id] WindowsEditor(7,LAPTOP-0QVH6MA0) [Debug] 1 [PackageName] WindowsEditor [ProjectName] Editor" joined multi-casting on [225.0.0.222:54997]...

Player connection [19040] Host "[IP] 192.168.56.1 [Port] 0 [Flags] 2 [Guid] 3566098440 [EditorId] 3566098440 [Version] 1048832 [Id] WindowsEditor(7,LAPTOP-0QVH6MA0) [Debug] 1 [PackageName] WindowsEditor [ProjectName] Editor" joined alternative multi-casting on [225.0.0.222:34997]...

[Physics::Module] Initialized MultithreadedJobDispatcher with {0} workers.
Refreshing native plugins compatible for Editor in 56.25 ms, found 2 plugins.
Preloading 0 native plugins for Editor in 0.00 ms.
Initialize engine version: 2021.3.45f2 (88f88f591b2e)
[Subsystems] Discovering subsystems at path C:/Program Files/Unity/Hub/Editor/2021.3.45f2/Editor/Data/Resources/UnitySubsystems
[Subsystems] Discovering subsystems at path C:/Users/jackb/Documents/automaton/Assets
GfxDevice: creating device client; threaded=0; jobified=0
Direct3D:
    Version:  Direct3D 11.0 [level 11.1]
    Renderer: Intel(R) Iris(R) Xe Graphics (ID=0x9a49)
    Vendor:   Intel
    VRAM:     3985 MB
    Driver:   27.20.100.9316
Initialize mono
Mono path[0] = 'C:/Program Files/Unity/Hub/Editor/2021.3.45f2/Editor/Data/Managed'
Mono path[1] = 'C:/Program Files/Unity/Hub/Editor/2021.3.45f2/Editor/Data/MonoBleedingEdge/lib/mono/unityjit-win32'
Mono config path = 'C:/Program Files/Unity/Hub/Editor/2021.3.45f2/Editor/Data/MonoBleedingEdge/etc'
Using monoOptions --debugger-agent=transport=dt_socket,embedding=1,server=y,suspend=n,address=127.0.0.1:56620
Begin MonoManager ReloadAssembly
Registering precompiled unity dll's ...
Register platform support module: C:/Program Files/Unity/Hub/Editor/2021.3.45f2/Editor/Data/PlaybackEngines/WindowsStandaloneSupport/UnityEditor.WindowsStandalone.Extensions.dll
Registered in 0.290448 seconds.
Native extension for WindowsStandalone target not found
Refreshing native plugins compatible for Editor in 46.63 ms, found 2 plugins.
Preloading 0 native plugins for Editor in 0.00 ms.
Mono: successfully reloaded assembly
- Completed reload, in 12.546 seconds
Domain Reload Profiling:
	ReloadAssembly (12548ms)
		BeginReloadAssembly (9603ms)
			ExecutionOrderSort (0ms)
			DisableScriptedObjects (0ms)
			BackupInstance (0ms)
			ReleaseScriptingObjects (0ms)
			CreateAndSetChildDomain (1ms)
		EndReloadAssembly (1837ms)
			LoadAssemblies (9601ms)
			RebuildTransferFunctionScriptingTraits (0ms)
			SetupTypeCache (1422ms)
			ReleaseScriptCaches (0ms)
			RebuildScriptCaches (36ms)
			SetupLoadedEditorAssemblies (326ms)
				LogAssemblyErrors (0ms)
				InitializePlatformSupportModulesInManaged (16ms)
				SetLoadedEditorAssemblies (1ms)
				RefreshPlugins (47ms)
				BeforeProcessingInitializeOnLoad (1ms)
				ProcessInitializeOnLoadAttributes (185ms)
				ProcessInitializeOnLoadMethodAttributes (76ms)
				AfterProcessingInitializeOnLoad (0ms)
				EditorAssembliesLoaded (0ms)
			ExecutionOrderSort2 (0ms)
			AwakeInstancesAfterBackupRestoration (0ms)
Platform modules already initialized, skipping
Registering precompiled user dll's ...
Registered in 0.004397 seconds.
Begin MonoManager ReloadAssembly
Native extension for WindowsStandalone target not found
Refreshing native plugins compatible for Editor in 1.00 ms, found 2 plugins.
Preloading 0 native plugins for Editor in 0.00 ms.
Package Manager log level set to [2]
[Package Manager] Server::EnsureServerProcessIsRunning -- launch failed, reason: Unity was launched with the -noUpm command-line argument
[Package Manager] Cannot connect to Unity Package Manager local server
Mono: successfully reloaded assembly
- Completed reload, in  8.333 seconds
Domain Reload Profiling:
	ReloadAssembly (8334ms)
		BeginReloadAssembly (251ms)
			ExecutionOrderSort (0ms)
			DisableScriptedObjects (14ms)
			BackupInstance (0ms)
			ReleaseScriptingObjects (0ms)
			CreateAndSetChildDomain (27ms)
		EndReloadAssembly (7824ms)
			LoadAssemblies (5082ms)
			RebuildTransferFunctionScriptingTraits (0ms)
			SetupTypeCache (1238ms)
			ReleaseScriptCaches (1ms)
			RebuildScriptCaches (55ms)
			SetupLoadedEditorAssemblies (1469ms)
				LogAssemblyErrors (0ms)
				InitializePlatformSupportModulesInManaged (13ms)
				SetLoadedEditorAssemblies (1ms)
				RefreshPlugins (1ms)
				BeforeProcessingInitializeOnLoad (62ms)
				ProcessInitializeOnLoadAttributes (1328ms)
				ProcessInitializeOnLoadMethodAttributes (49ms)
				AfterProcessingInitializeOnLoad (14ms)
				EditorAssembliesLoaded (0ms)
			ExecutionOrderSort2 (0ms)
			AwakeInstancesAfterBackupRestoration (7ms)
Platform modules already initialized, skipping
========================================================================
Worker process is ready to serve import requests
Launched and connected shader compiler UnityShaderCompiler.exe after 0.11 seconds
Refreshing native plugins compatible for Editor in 0.63 ms, found 2 plugins.
Preloading 0 native plugins for Editor in 0.00 ms.
Unloading 1527 Unused Serialized files (Serialized files now loaded: 0)
Unloading 37 unused Assets / (38.3 KB). Loaded Objects now: 1984.
Memory consumption went from 69.2 MB to 69.2 MB.
Total: 4.591700 ms (FindLiveObjects: 0.144400 ms CreateObjectMapping: 0.055200 ms MarkObjects: 4.246700 ms  DeleteObjects: 0.143600 ms)

AssetImportParameters requested are different than current active one (requested -> active):
  custom:video-decoder-ogg-theora: a1e56fd34408186e4bbccfd4996cb3dc -> 
  custom:container-muxer-webm: aa71ff27fc2769a1b78a27578f13a17b -> 
  custom:container-demuxer-webm: 4f35f7cbe854078d1ac9338744f61a02 -> 
  custom:video-encoder-webm-vp8: eb34c28f22e8b96e1ab97ce403110664 -> 
  custom:CustomObjectIndexerAttribute: bc11b3a6c3213fcdd17b65e7da85e133 -> 
  custom:audio-encoder-webm-vorbis: bf7c407c2cedff20999df2af8eb42d56 -> 
  custom:framework-win-MediaFoundation: 216162199b28c13a410421893ffa2e32 -> 
  custom:SearchIndexIgnoredProperties: e643bd26f0fe6173181afceb89e7c659 -> 
  custom:container-demuxer-ogg: 62fdf1f143b41e24485cea50d1cbac27 -> 
  custom:video-decoder-webm-vp8: 9c59270c3fd7afecdb556c50c9e8de78 -> 
  custom:audio-decoder-ogg-vorbis: bf7c407c2cedff20999df2af8eb42d56 -> 
========================================================================
Received Import Request.
  Time since last request: 4502993.260310 seconds.
  path: Assets/Scenes/Level 1Settings.lighting
  artifactKey: Guid(1ba363a1a7dc0f94e916e0a73ae96c6a) Importer(815301076,1909f56bfc062723c751e8b465ee728b)
Number of updated assets reloaded before import = 0
Start importing Assets/Scenes/Level 1Settings.lighting using Guid(1ba363a1a7dc0f94e916e0a73ae96c6a) Importer(815301076,1909f56bfc062723c751e8b465ee728b)  -> (artifact id: '8fb3a42d45ec5187c0f260fc8bacae35') in 0.080487 seconds 
Number of asset objects unloaded after import = 1
========================================================================
Received Import Request.
  Time since last request: 207.837589 seconds.
  path: Assets/scripts/UIManager.cs
  artifactKey: Guid(8d639023e03c10c40993ea2f56174bc9) Importer(815301076,1909f56bfc062723c751e8b465ee728b)
Number of updated assets reloaded before import = 0
Start importing Assets/scripts/UIManager.cs using Guid(8d639023e03c10c40993ea2f56174bc9) Importer(815301076,1909f56bfc062723c751e8b465ee728b)  -> (artifact id: '41e444143ecc687102a5b060b4bf5358') in 0.037994 seconds 
Number of asset objects unloaded after import = 0
========================================================================
Received Import Request.
  Time since last request: 1.903221 seconds.
  path: Assets/scripts/ToggleButton.cs
  artifactKey: Guid(88f211960316bf44d827f388829ac5da) Importer(815301076,1909f56bfc062723c751e8b465ee728b)
Number of updated assets reloaded before import = 0
Start importing Assets/scripts/ToggleButton.cs using Guid(88f211960316bf44d827f388829ac5da) Importer(815301076,1909f56bfc062723c751e8b465ee728b)  -> (artifact id: '168466dbb5c97ad2e182820bae672aee') in 0.017191 seconds 
Number of asset objects unloaded after import = 0
========================================================================
Received Import Request.
  Time since last request: 1.083356 seconds.
  path: Assets/scripts/textArea.cs
  artifactKey: Guid(eab86766903e04640abeb055f2704349) Importer(815301076,1909f56bfc062723c751e8b465ee728b)
Number of updated assets reloaded before import = 0
Start importing Assets/scripts/textArea.cs using Guid(eab86766903e04640abeb055f2704349) Importer(815301076,1909f56bfc062723c751e8b465ee728b)  -> (artifact id: '4b6219dba8457953b8b83817c00810c2') in 0.014616 seconds 
Number of asset objects unloaded after import = 0
========================================================================
Received Import Request.
  Time since last request: 1.077253 seconds.
  path: Assets/scripts/StringMethods.cs
  artifactKey: Guid(5ea4287282789c3438ef40b6d8c70b9f) Importer(815301076,1909f56bfc062723c751e8b465ee728b)
Number of updated assets reloaded before import = 0
Start importing Assets/scripts/StringMethods.cs using Guid(5ea4287282789c3438ef40b6d8c70b9f) Importer(815301076,1909f56bfc062723c751e8b465ee728b)  -> (artifact id: 'b6d7fb8351b4205f5b05717ce928d948') in 0.014675 seconds 
Number of asset objects unloaded after import = 0
========================================================================
Received Import Request.
  Time since last request: 1.339020 seconds.
  path: Assets/scripts/SettingsEnforcer.cs
  artifactKey: Guid(aa1b9b4039000224c89c937b02b8473a) Importer(815301076,1909f56bfc062723c751e8b465ee728b)
Number of updated assets reloaded before import = 0
Start importing Assets/scripts/SettingsEnforcer.cs using Guid(aa1b9b4039000224c89c937b02b8473a) Importer(815301076,1909f56bfc062723c751e8b465ee728b)  -> (artifact id: '34893851c227cac22fc985da0575d29a') in 0.017467 seconds 
Number of asset objects unloaded after import = 0
========================================================================
Received Import Request.
  Time since last request: 2.019653 seconds.
  path: Assets/scripts/Shoot.cs
  artifactKey: Guid(b6e50d29be543254f8520bd129f31abf) Importer(815301076,1909f56bfc062723c751e8b465ee728b)
Number of updated assets reloaded before import = 0
Start importing Assets/scripts/Shoot.cs using Guid(b6e50d29be543254f8520bd129f31abf) Importer(815301076,1909f56bfc062723c751e8b465ee728b)  -> (artifact id: 'b6eeafe434827af67441596d9860b2bb') in 0.015864 seconds 
Number of asset objects unloaded after import = 0
========================================================================
Received Import Request.
  Time since last request: 2.091249 seconds.
  path: Assets/scripts/scrollBar.cs
  artifactKey: Guid(9a635a532f2056f4eab0723080b19f46) Importer(815301076,1909f56bfc062723c751e8b465ee728b)
Number of updated assets reloaded before import = 0
Start importing Assets/scripts/scrollBar.cs using Guid(9a635a532f2056f4eab0723080b19f46) Importer(815301076,1909f56bfc062723c751e8b465ee728b)  -> (artifact id: '66b86adf183afbc5d4a3d1a0f9d3b4ae') in 0.018199 seconds 
Number of asset objects unloaded after import = 0
========================================================================
Received Import Request.
  Time since last request: 1.732625 seconds.
  path: Assets/scripts/ResetButton.cs
  artifactKey: Guid(86d253af34ad0194f9b5b2a97734f70f) Importer(815301076,1909f56bfc062723c751e8b465ee728b)
Number of updated assets reloaded before import = 0
Start importing Assets/scripts/ResetButton.cs using Guid(86d253af34ad0194f9b5b2a97734f70f) Importer(815301076,1909f56bfc062723c751e8b465ee728b)  -> (artifact id: '5da5ba670c8e10ed2cbe73e646f96f93') in 0.022752 seconds 
Number of asset objects unloaded after import = 0
========================================================================
Received Import Request.
  Time since last request: 6.293059 seconds.
  path: Assets/scripts/LiveInterpreterParallel.cs
  artifactKey: Guid(5b5131753dfa7a541b24daa0d0c57a06) Importer(815301076,1909f56bfc062723c751e8b465ee728b)
Number of updated assets reloaded before import = 0
Start importing Assets/scripts/LiveInterpreterParallel.cs using Guid(5b5131753dfa7a541b24daa0d0c57a06) Importer(815301076,1909f56bfc062723c751e8b465ee728b)  -> (artifact id: '76d9e629c8b17e28c8e4e8c2dc2a1a51') in 0.016197 seconds 
Number of asset objects unloaded after import = 0
========================================================================
Received Import Request.
  Time since last request: 1.999927 seconds.
  path: Assets/scripts/LiveInterpreterManager.cs
  artifactKey: Guid(6b0b2f3646590fe46a20fe15ca233231) Importer(815301076,1909f56bfc062723c751e8b465ee728b)
Number of updated assets reloaded before import = 0
Start importing Assets/scripts/LiveInterpreterManager.cs using Guid(6b0b2f3646590fe46a20fe15ca233231) Importer(815301076,1909f56bfc062723c751e8b465ee728b)  -> (artifact id: '5e35ce5357df98dfa196ce47f5347ce2') in 0.018862 seconds 
Number of asset objects unloaded after import = 0
========================================================================
Received Import Request.
  Time since last request: 0.824517 seconds.
  path: Assets/scripts/LiveInterpreter.cs
  artifactKey: Guid(36a9933c7d4ecb84faa1fd9ed0c0a773) Importer(815301076,1909f56bfc062723c751e8b465ee728b)
Number of updated assets reloaded before import = 0
Start importing Assets/scripts/LiveInterpreter.cs using Guid(36a9933c7d4ecb84faa1fd9ed0c0a773) Importer(815301076,1909f56bfc062723c751e8b465ee728b)  -> (artifact id: '19364eccc6274ebdbce0402ab71af132') in 0.016877 seconds 
Number of asset objects unloaded after import = 0
========================================================================
Received Import Request.
  Time since last request: 0.967684 seconds.
  path: Assets/scripts/LinkButton.cs
  artifactKey: Guid(fa920c4ba1e788d4790f2ad49dab695e) Importer(815301076,1909f56bfc062723c751e8b465ee728b)
Number of updated assets reloaded before import = 0
Start importing Assets/scripts/LinkButton.cs using Guid(fa920c4ba1e788d4790f2ad49dab695e) Importer(815301076,1909f56bfc062723c751e8b465ee728b)  -> (artifact id: 'c17be4b917c107f129f9f7250f04a9a9') in 0.024289 seconds 
Number of asset objects unloaded after import = 0
========================================================================
Received Import Request.
  Time since last request: 1.529489 seconds.
  path: Assets/scripts/levelCompleteTile.cs
  artifactKey: Guid(566717162f7a5ed49860eca1e361e43c) Importer(815301076,1909f56bfc062723c751e8b465ee728b)
Number of updated assets reloaded before import = 0
Start importing Assets/scripts/levelCompleteTile.cs using Guid(566717162f7a5ed49860eca1e361e43c) Importer(815301076,1909f56bfc062723c751e8b465ee728b)  -> (artifact id: '668de31d98b1128770b703042161fcc2') in 0.014707 seconds 
Number of asset objects unloaded after import = 0
========================================================================
Received Import Request.
  Time since last request: 2.313467 seconds.
  path: Assets/scripts/LevelManager.cs
  artifactKey: Guid(3f25dcb6fcfe4504c817fc87ba066f46) Importer(815301076,1909f56bfc062723c751e8b465ee728b)
Number of updated assets reloaded before import = 0
Start importing Assets/scripts/LevelManager.cs using Guid(3f25dcb6fcfe4504c817fc87ba066f46) Importer(815301076,1909f56bfc062723c751e8b465ee728b)  -> (artifact id: '897a0bb3b383073a397f1495f56e10b7') in 0.013814 seconds 
Number of asset objects unloaded after import = 0
========================================================================
Received Import Request.
  Time since last request: 0.943585 seconds.
  path: Assets/scripts/LevelSelectButton.cs
  artifactKey: Guid(a22a8a5f85f8f0b4fa963a6d2a8114fe) Importer(815301076,1909f56bfc062723c751e8b465ee728b)
Number of updated assets reloaded before import = 0
Start importing Assets/scripts/LevelSelectButton.cs using Guid(a22a8a5f85f8f0b4fa963a6d2a8114fe) Importer(815301076,1909f56bfc062723c751e8b465ee728b)  -> (artifact id: '8714d91a47aa578f3871fcc3262396df') in 0.018336 seconds 
Number of asset objects unloaded after import = 0
========================================================================
Received Import Request.
  Time since last request: 2.229284 seconds.
  path: Assets/scripts/LevelButton.cs
  artifactKey: Guid(dc5628821b39c3748b4871b49d4d8527) Importer(815301076,1909f56bfc062723c751e8b465ee728b)
Number of updated assets reloaded before import = 0
Start importing Assets/scripts/LevelButton.cs using Guid(dc5628821b39c3748b4871b49d4d8527) Importer(815301076,1909f56bfc062723c751e8b465ee728b)  -> (artifact id: '5b128427e5606dcbe1f6e0d8f464b393') in 0.015550 seconds 
Number of asset objects unloaded after import = 0
========================================================================
Received Import Request.
  Time since last request: 1.337557 seconds.
  path: Assets/scripts/IfCreationBar.cs
  artifactKey: Guid(2533c9b515e452546988dd61f3f20ff8) Importer(815301076,1909f56bfc062723c751e8b465ee728b)
Number of updated assets reloaded before import = 0
Start importing Assets/scripts/IfCreationBar.cs using Guid(2533c9b515e452546988dd61f3f20ff8) Importer(815301076,1909f56bfc062723c751e8b465ee728b)  -> (artifact id: 'b0bae0a48cfc0da5fc104bbd1897d535') in 0.015671 seconds 
Number of asset objects unloaded after import = 0
========================================================================
Received Import Request.
  Time since last request: 1.975398 seconds.
  path: Assets/scripts/GoopMovement.cs
  artifactKey: Guid(f63f99915073e2442b73119f64e506a2) Importer(815301076,1909f56bfc062723c751e8b465ee728b)
Number of updated assets reloaded before import = 0
Start importing Assets/scripts/GoopMovement.cs using Guid(f63f99915073e2442b73119f64e506a2) Importer(815301076,1909f56bfc062723c751e8b465ee728b)  -> (artifact id: 'a6c9294a8a211201ffc87ee2a024bdcd') in 0.018615 seconds 
Number of asset objects unloaded after import = 0
========================================================================
Received Import Request.
  Time since last request: 1.790137 seconds.
  path: Assets/scripts/followObject.cs
  artifactKey: Guid(d37ea9381e70e2c489169a7519c3a948) Importer(815301076,1909f56bfc062723c751e8b465ee728b)
Number of updated assets reloaded before import = 0
Start importing Assets/scripts/followObject.cs using Guid(d37ea9381e70e2c489169a7519c3a948) Importer(815301076,1909f56bfc062723c751e8b465ee728b)  -> (artifact id: '0933fec83c90cdf8d2a7693f52923404') in 0.016612 seconds 
Number of asset objects unloaded after import = 0
========================================================================
Received Import Request.
  Time since last request: 0.938751 seconds.
  path: Assets/scripts/FollowObjectIfButton.cs
  artifactKey: Guid(a5a9f74689046f14bb19f023c98bc887) Importer(815301076,1909f56bfc062723c751e8b465ee728b)
Number of updated assets reloaded before import = 0
Start importing Assets/scripts/FollowObjectIfButton.cs using Guid(a5a9f74689046f14bb19f023c98bc887) Importer(815301076,1909f56bfc062723c751e8b465ee728b)  -> (artifact id: '1e2af161718e9c100454557e485cbab7') in 0.019732 seconds 
Number of asset objects unloaded after import = 0
========================================================================
Received Import Request.
  Time since last request: 0.687685 seconds.
  path: Assets/scripts/FPSDisplay.cs
  artifactKey: Guid(4026d14a1b8161f4a88b0b217b335890) Importer(815301076,1909f56bfc062723c751e8b465ee728b)
Number of updated assets reloaded before import = 0
Start importing Assets/scripts/FPSDisplay.cs using Guid(4026d14a1b8161f4a88b0b217b335890) Importer(815301076,1909f56bfc062723c751e8b465ee728b)  -> (artifact id: '1f7a2164c0a6a613b2800efdeb308b20') in 0.016028 seconds 
Number of asset objects unloaded after import = 0
========================================================================
Received Import Request.
  Time since last request: 1.118397 seconds.
  path: Assets/scripts/FailTile.cs
  artifactKey: Guid(f95f770f65d78d34b852adefe602318f) Importer(815301076,1909f56bfc062723c751e8b465ee728b)
Number of updated assets reloaded before import = 0
Start importing Assets/scripts/FailTile.cs using Guid(f95f770f65d78d34b852adefe602318f) Importer(815301076,1909f56bfc062723c751e8b465ee728b)  -> (artifact id: '684938006d79303c38656048287dcaf6') in 0.024212 seconds 
Number of asset objects unloaded after import = 0
